running egg_info
creating ../build/trio_robot_controller/trio_robot_controller.egg-info
writing ../build/trio_robot_controller/trio_robot_controller.egg-info/PKG-INFO
writing dependency_links to ../build/trio_robot_controller/trio_robot_controller.egg-info/dependency_links.txt
writing entry points to ../build/trio_robot_controller/trio_robot_controller.egg-info/entry_points.txt
writing requirements to ../build/trio_robot_controller/trio_robot_controller.egg-info/requires.txt
writing top-level names to ../build/trio_robot_controller/trio_robot_controller.egg-info/top_level.txt
writing manifest file '../build/trio_robot_controller/trio_robot_controller.egg-info/SOURCES.txt'
reading manifest file '../build/trio_robot_controller/trio_robot_controller.egg-info/SOURCES.txt'
writing manifest file '../build/trio_robot_controller/trio_robot_controller.egg-info/SOURCES.txt'
running build
running build_py
creating /home/blaze/ros2_ws/src/build/trio_robot_controller/build
creating /home/blaze/ros2_ws/src/build/trio_robot_controller/build/lib
creating /home/blaze/ros2_ws/src/build/trio_robot_controller/build/lib/trio_robot_controller
copying trio_robot_controller/trio_first_node.py -> /home/blaze/ros2_ws/src/build/trio_robot_controller/build/lib/trio_robot_controller
copying trio_robot_controller/__init__.py -> /home/blaze/ros2_ws/src/build/trio_robot_controller/build/lib/trio_robot_controller
running install
running install_lib
creating /home/blaze/ros2_ws/src/install/trio_robot_controller/lib/python3.10/site-packages/trio_robot_controller
copying /home/blaze/ros2_ws/src/build/trio_robot_controller/build/lib/trio_robot_controller/trio_first_node.py -> /home/blaze/ros2_ws/src/install/trio_robot_controller/lib/python3.10/site-packages/trio_robot_controller
copying /home/blaze/ros2_ws/src/build/trio_robot_controller/build/lib/trio_robot_controller/__init__.py -> /home/blaze/ros2_ws/src/install/trio_robot_controller/lib/python3.10/site-packages/trio_robot_controller
byte-compiling /home/blaze/ros2_ws/src/install/trio_robot_controller/lib/python3.10/site-packages/trio_robot_controller/trio_first_node.py to trio_first_node.cpython-310.pyc
byte-compiling /home/blaze/ros2_ws/src/install/trio_robot_controller/lib/python3.10/site-packages/trio_robot_controller/__init__.py to __init__.cpython-310.pyc
running install_data
creating /home/blaze/ros2_ws/src/install/trio_robot_controller/share/ament_index
creating /home/blaze/ros2_ws/src/install/trio_robot_controller/share/ament_index/resource_index
creating /home/blaze/ros2_ws/src/install/trio_robot_controller/share/ament_index/resource_index/packages
copying resource/trio_robot_controller -> /home/blaze/ros2_ws/src/install/trio_robot_controller/share/ament_index/resource_index/packages
copying package.xml -> /home/blaze/ros2_ws/src/install/trio_robot_controller/share/trio_robot_controller
running install_egg_info
Copying ../build/trio_robot_controller/trio_robot_controller.egg-info to /home/blaze/ros2_ws/src/install/trio_robot_controller/lib/python3.10/site-packages/trio_robot_controller-0.0.0-py3.10.egg-info
running install_scripts
Installing test_node script to /home/blaze/ros2_ws/src/install/trio_robot_controller/lib/trio_robot_controller
writing list of installed files to '/home/blaze/ros2_ws/src/build/trio_robot_controller/install.log'
