[0.346s] Invoking command in '/home/blaze/ros2_ws/src/trio_robot_controller': PYTHONPATH=/home/blaze/ros2_ws/src/build/trio_robot_controller/prefix_override:/usr/lib/python3/dist-packages/colcon_core/task/python/colcon_distutils_commands:/home/blaze/ros2_ws/src/install/trio_robot_controller/lib/python3.10/site-packages:${PYTHONPATH} /usr/bin/python3 -W ignore:setup.py install is deprecated -W ignore:easy_install command is deprecated setup.py egg_info --egg-base ../build/trio_robot_controller build --build-base /home/blaze/ros2_ws/src/build/trio_robot_controller/build install --record /home/blaze/ros2_ws/src/build/trio_robot_controller/install.log --single-version-externally-managed install_data
[0.482s] running egg_info
[0.483s] creating ../build/trio_robot_controller/trio_robot_controller.egg-info
[0.483s] writing ../build/trio_robot_controller/trio_robot_controller.egg-info/PKG-INFO
[0.483s] writing dependency_links to ../build/trio_robot_controller/trio_robot_controller.egg-info/dependency_links.txt
[0.483s] writing entry points to ../build/trio_robot_controller/trio_robot_controller.egg-info/entry_points.txt
[0.483s] writing requirements to ../build/trio_robot_controller/trio_robot_controller.egg-info/requires.txt
[0.483s] writing top-level names to ../build/trio_robot_controller/trio_robot_controller.egg-info/top_level.txt
[0.483s] writing manifest file '../build/trio_robot_controller/trio_robot_controller.egg-info/SOURCES.txt'
[0.484s] reading manifest file '../build/trio_robot_controller/trio_robot_controller.egg-info/SOURCES.txt'
[0.485s] writing manifest file '../build/trio_robot_controller/trio_robot_controller.egg-info/SOURCES.txt'
[0.485s] running build
[0.485s] running build_py
[0.485s] creating /home/blaze/ros2_ws/src/build/trio_robot_controller/build
[0.485s] creating /home/blaze/ros2_ws/src/build/trio_robot_controller/build/lib
[0.485s] creating /home/blaze/ros2_ws/src/build/trio_robot_controller/build/lib/trio_robot_controller
[0.485s] copying trio_robot_controller/trio_first_node.py -> /home/blaze/ros2_ws/src/build/trio_robot_controller/build/lib/trio_robot_controller
[0.485s] copying trio_robot_controller/__init__.py -> /home/blaze/ros2_ws/src/build/trio_robot_controller/build/lib/trio_robot_controller
[0.485s] running install
[0.485s] running install_lib
[0.486s] creating /home/blaze/ros2_ws/src/install/trio_robot_controller/lib/python3.10/site-packages/trio_robot_controller
[0.486s] copying /home/blaze/ros2_ws/src/build/trio_robot_controller/build/lib/trio_robot_controller/trio_first_node.py -> /home/blaze/ros2_ws/src/install/trio_robot_controller/lib/python3.10/site-packages/trio_robot_controller
[0.486s] copying /home/blaze/ros2_ws/src/build/trio_robot_controller/build/lib/trio_robot_controller/__init__.py -> /home/blaze/ros2_ws/src/install/trio_robot_controller/lib/python3.10/site-packages/trio_robot_controller
[0.486s] byte-compiling /home/blaze/ros2_ws/src/install/trio_robot_controller/lib/python3.10/site-packages/trio_robot_controller/trio_first_node.py to trio_first_node.cpython-310.pyc
[0.487s] byte-compiling /home/blaze/ros2_ws/src/install/trio_robot_controller/lib/python3.10/site-packages/trio_robot_controller/__init__.py to __init__.cpython-310.pyc
[0.487s] running install_data
[0.487s] creating /home/blaze/ros2_ws/src/install/trio_robot_controller/share/ament_index
[0.487s] creating /home/blaze/ros2_ws/src/install/trio_robot_controller/share/ament_index/resource_index
[0.487s] creating /home/blaze/ros2_ws/src/install/trio_robot_controller/share/ament_index/resource_index/packages
[0.487s] copying resource/trio_robot_controller -> /home/blaze/ros2_ws/src/install/trio_robot_controller/share/ament_index/resource_index/packages
[0.487s] copying package.xml -> /home/blaze/ros2_ws/src/install/trio_robot_controller/share/trio_robot_controller
[0.487s] running install_egg_info
[0.488s] Copying ../build/trio_robot_controller/trio_robot_controller.egg-info to /home/blaze/ros2_ws/src/install/trio_robot_controller/lib/python3.10/site-packages/trio_robot_controller-0.0.0-py3.10.egg-info
[0.489s] running install_scripts
[0.502s] Installing test_node script to /home/blaze/ros2_ws/src/install/trio_robot_controller/lib/trio_robot_controller
[0.502s] writing list of installed files to '/home/blaze/ros2_ws/src/build/trio_robot_controller/install.log'
[0.515s] Invoked command in '/home/blaze/ros2_ws/src/trio_robot_controller' returned '0': PYTHONPATH=/home/blaze/ros2_ws/src/build/trio_robot_controller/prefix_override:/usr/lib/python3/dist-packages/colcon_core/task/python/colcon_distutils_commands:/home/blaze/ros2_ws/src/install/trio_robot_controller/lib/python3.10/site-packages:${PYTHONPATH} /usr/bin/python3 -W ignore:setup.py install is deprecated -W ignore:easy_install command is deprecated setup.py egg_info --egg-base ../build/trio_robot_controller build --build-base /home/blaze/ros2_ws/src/build/trio_robot_controller/build install --record /home/blaze/ros2_ws/src/build/trio_robot_controller/install.log --single-version-externally-managed install_data
