[0.352s] Invoking command in '/home/blaze/ros2_ws/src/trio_robot_controller': PYTHONPATH=/home/blaze/ros2_ws/src/build/trio_robot_controller/prefix_override:/usr/lib/python3/dist-packages/colcon_core/task/python/colcon_distutils_commands:/home/blaze/ros2_ws/src/install/trio_robot_controller/lib/python3.10/site-packages:${PYTHONPATH} /usr/bin/python3 -W ignore:setup.py install is deprecated -W ignore:easy_install command is deprecated setup.py egg_info --egg-base ../build/trio_robot_controller build --build-base /home/blaze/ros2_ws/src/build/trio_robot_controller/build install --record /home/blaze/ros2_ws/src/build/trio_robot_controller/install.log --single-version-externally-managed install_data
[0.496s] running egg_info
[0.496s] writing ../build/trio_robot_controller/trio_robot_controller.egg-info/PKG-INFO
[0.496s] writing dependency_links to ../build/trio_robot_controller/trio_robot_controller.egg-info/dependency_links.txt
[0.496s] writing entry points to ../build/trio_robot_controller/trio_robot_controller.egg-info/entry_points.txt
[0.496s] writing requirements to ../build/trio_robot_controller/trio_robot_controller.egg-info/requires.txt
[0.496s] writing top-level names to ../build/trio_robot_controller/trio_robot_controller.egg-info/top_level.txt
[0.497s] reading manifest file '../build/trio_robot_controller/trio_robot_controller.egg-info/SOURCES.txt'
[0.498s] writing manifest file '../build/trio_robot_controller/trio_robot_controller.egg-info/SOURCES.txt'
[0.498s] running build
[0.498s] running build_py
[0.498s] running install
[0.498s] running install_lib
[0.499s] running install_data
[0.499s] running install_egg_info
[0.500s] removing '/home/blaze/ros2_ws/src/install/trio_robot_controller/lib/python3.10/site-packages/trio_robot_controller-0.0.0-py3.10.egg-info' (and everything under it)
[0.500s] Copying ../build/trio_robot_controller/trio_robot_controller.egg-info to /home/blaze/ros2_ws/src/install/trio_robot_controller/lib/python3.10/site-packages/trio_robot_controller-0.0.0-py3.10.egg-info
[0.500s] running install_scripts
[0.513s] Installing test_node script to /home/blaze/ros2_ws/src/install/trio_robot_controller/lib/trio_robot_controller
[0.513s] writing list of installed files to '/home/blaze/ros2_ws/src/build/trio_robot_controller/install.log'
[0.527s] Invoked command in '/home/blaze/ros2_ws/src/trio_robot_controller' returned '0': PYTHONPATH=/home/blaze/ros2_ws/src/build/trio_robot_controller/prefix_override:/usr/lib/python3/dist-packages/colcon_core/task/python/colcon_distutils_commands:/home/blaze/ros2_ws/src/install/trio_robot_controller/lib/python3.10/site-packages:${PYTHONPATH} /usr/bin/python3 -W ignore:setup.py install is deprecated -W ignore:easy_install command is deprecated setup.py egg_info --egg-base ../build/trio_robot_controller build --build-base /home/blaze/ros2_ws/src/build/trio_robot_controller/build install --record /home/blaze/ros2_ws/src/build/trio_robot_controller/install.log --single-version-externally-managed install_data
